[QC2019-07-10 13:45:07] INFO [main] org.springframework.context.support.AbstractApplicationContext.prepareRefresh(589) | Refreshing org.springframework.context.support.ClassPathXmlApplicationContext@7a30d1e6: startup date [Wed Jul 10 13:45:07 CST 2019]; root of context hierarchy
[QC2019-07-10 13:45:07] INFO [main] org.springframework.beans.factory.xml.XmlBeanDefinitionReader.loadBeanDefinitions(316) | Loading XML bean definitions from class path resource [application.xml]
[QC2019-07-10 13:45:07] ERROR [main] com.yaowan.game.xykp.robot.Bootstrap.main(35) | 机器人服务启动失败...
java.lang.ArrayIndexOutOfBoundsException: 0
	at com.yaowan.game.xykp.robot.Bootstrap.main(Bootstrap.java:23)
[QC2019-07-10 13:50:03] INFO [main] org.springframework.context.support.AbstractApplicationContext.prepareRefresh(589) | Refreshing org.springframework.context.support.ClassPathXmlApplicationContext@7a30d1e6: startup date [Wed Jul 10 13:50:03 CST 2019]; root of context hierarchy
[QC2019-07-10 13:50:03] INFO [main] org.springframework.beans.factory.xml.XmlBeanDefinitionReader.loadBeanDefinitions(316) | Loading XML bean definitions from class path resource [application.xml]
[QC2019-07-10 13:51:28] INFO [main] org.springframework.context.support.AbstractApplicationContext.prepareRefresh(589) | Refreshing org.springframework.context.support.ClassPathXmlApplicationContext@7a30d1e6: startup date [Wed Jul 10 13:51:28 CST 2019]; root of context hierarchy
[QC2019-07-10 13:51:28] INFO [main] org.springframework.beans.factory.xml.XmlBeanDefinitionReader.loadBeanDefinitions(316) | Loading XML bean definitions from class path resource [application.xml]
[QC2019-07-10 13:58:00] INFO [main] org.springframework.context.support.AbstractApplicationContext.prepareRefresh(589) | Refreshing org.springframework.context.support.ClassPathXmlApplicationContext@7a30d1e6: startup date [Wed Jul 10 13:58:00 CST 2019]; root of context hierarchy
[QC2019-07-10 13:58:00] INFO [main] org.springframework.beans.factory.xml.XmlBeanDefinitionReader.loadBeanDefinitions(316) | Loading XML bean definitions from class path resource [application.xml]
[QC2019-07-10 14:29:12] INFO [main] org.springframework.context.support.AbstractApplicationContext.prepareRefresh(589) | Refreshing org.springframework.context.support.ClassPathXmlApplicationContext@7a30d1e6: startup date [Wed Jul 10 14:29:12 CST 2019]; root of context hierarchy
[QC2019-07-10 14:29:12] INFO [main] org.springframework.beans.factory.xml.XmlBeanDefinitionReader.loadBeanDefinitions(316) | Loading XML bean definitions from class path resource [application.xml]
[QC2019-07-10 14:31:06] INFO [main] org.springframework.context.support.AbstractApplicationContext.prepareRefresh(589) | Refreshing org.springframework.context.support.ClassPathXmlApplicationContext@7a30d1e6: startup date [Wed Jul 10 14:31:06 CST 2019]; root of context hierarchy
[QC2019-07-10 14:31:06] INFO [main] org.springframework.beans.factory.xml.XmlBeanDefinitionReader.loadBeanDefinitions(316) | Loading XML bean definitions from class path resource [application.xml]
[QC2019-07-10 14:43:34] INFO [main] org.springframework.context.support.AbstractApplicationContext.prepareRefresh(589) | Refreshing org.springframework.context.support.ClassPathXmlApplicationContext@7a30d1e6: startup date [Wed Jul 10 14:43:34 CST 2019]; root of context hierarchy
[QC2019-07-10 14:43:34] INFO [main] org.springframework.beans.factory.xml.XmlBeanDefinitionReader.loadBeanDefinitions(316) | Loading XML bean definitions from class path resource [application.xml]
[QC2019-07-10 14:52:09] INFO [main] org.springframework.context.support.AbstractApplicationContext.prepareRefresh(589) | Refreshing org.springframework.context.support.ClassPathXmlApplicationContext@7a30d1e6: startup date [Wed Jul 10 14:52:09 CST 2019]; root of context hierarchy
[QC2019-07-10 14:52:09] INFO [main] org.springframework.beans.factory.xml.XmlBeanDefinitionReader.loadBeanDefinitions(316) | Loading XML bean definitions from class path resource [application.xml]
[QC2019-07-10 14:54:15] INFO [main] org.springframework.context.support.AbstractApplicationContext.prepareRefresh(589) | Refreshing org.springframework.context.support.ClassPathXmlApplicationContext@7a30d1e6: startup date [Wed Jul 10 14:54:15 CST 2019]; root of context hierarchy
[QC2019-07-10 14:54:15] INFO [main] org.springframework.beans.factory.xml.XmlBeanDefinitionReader.loadBeanDefinitions(316) | Loading XML bean definitions from class path resource [application.xml]
[QC2019-07-10 14:55:54] INFO [main] org.springframework.context.support.AbstractApplicationContext.prepareRefresh(589) | Refreshing org.springframework.context.support.ClassPathXmlApplicationContext@7a30d1e6: startup date [Wed Jul 10 14:55:54 CST 2019]; root of context hierarchy
[QC2019-07-10 14:55:54] INFO [main] org.springframework.beans.factory.xml.XmlBeanDefinitionReader.loadBeanDefinitions(316) | Loading XML bean definitions from class path resource [application.xml]
[QC2019-07-10 14:56:40] INFO [main] org.springframework.context.support.AbstractApplicationContext.prepareRefresh(589) | Refreshing org.springframework.context.support.ClassPathXmlApplicationContext@7a30d1e6: startup date [Wed Jul 10 14:56:40 CST 2019]; root of context hierarchy
[QC2019-07-10 14:56:40] INFO [main] org.springframework.beans.factory.xml.XmlBeanDefinitionReader.loadBeanDefinitions(316) | Loading XML bean definitions from class path resource [application.xml]
[QC2019-07-10 14:57:07] INFO [main] org.springframework.context.support.AbstractApplicationContext.prepareRefresh(589) | Refreshing org.springframework.context.support.ClassPathXmlApplicationContext@7a30d1e6: startup date [Wed Jul 10 14:57:07 CST 2019]; root of context hierarchy
[QC2019-07-10 14:57:07] INFO [main] org.springframework.beans.factory.xml.XmlBeanDefinitionReader.loadBeanDefinitions(316) | Loading XML bean definitions from class path resource [application.xml]
[QC2019-07-10 15:16:45] INFO [main] org.springframework.context.support.AbstractApplicationContext.prepareRefresh(589) | Refreshing org.springframework.context.support.ClassPathXmlApplicationContext@7a30d1e6: startup date [Wed Jul 10 15:16:45 CST 2019]; root of context hierarchy
[QC2019-07-10 15:16:45] INFO [main] org.springframework.beans.factory.xml.XmlBeanDefinitionReader.loadBeanDefinitions(316) | Loading XML bean definitions from class path resource [application.xml]
[QC2019-07-10 15:34:33] INFO [main] org.springframework.context.support.AbstractApplicationContext.prepareRefresh(589) | Refreshing org.springframework.context.support.ClassPathXmlApplicationContext@7a30d1e6: startup date [Wed Jul 10 15:34:33 CST 2019]; root of context hierarchy
[QC2019-07-10 15:34:33] INFO [main] org.springframework.beans.factory.xml.XmlBeanDefinitionReader.loadBeanDefinitions(316) | Loading XML bean definitions from class path resource [application.xml]
[QC2019-07-10 15:36:51] INFO [main] org.springframework.context.support.AbstractApplicationContext.prepareRefresh(589) | Refreshing org.springframework.context.support.ClassPathXmlApplicationContext@7a30d1e6: startup date [Wed Jul 10 15:36:51 CST 2019]; root of context hierarchy
[QC2019-07-10 15:36:51] INFO [main] org.springframework.beans.factory.xml.XmlBeanDefinitionReader.loadBeanDefinitions(316) | Loading XML bean definitions from class path resource [application.xml]
[QC2019-07-10 15:43:53] INFO [main] org.springframework.context.support.AbstractApplicationContext.prepareRefresh(589) | Refreshing org.springframework.context.support.ClassPathXmlApplicationContext@7a30d1e6: startup date [Wed Jul 10 15:43:53 CST 2019]; root of context hierarchy
[QC2019-07-10 15:43:53] INFO [main] org.springframework.beans.factory.xml.XmlBeanDefinitionReader.loadBeanDefinitions(316) | Loading XML bean definitions from class path resource [application.xml]
[QC2019-07-10 20:27:44] INFO [main] org.springframework.context.support.AbstractApplicationContext.prepareRefresh(589) | Refreshing org.springframework.context.support.ClassPathXmlApplicationContext@7a30d1e6: startup date [Wed Jul 10 20:27:44 CST 2019]; root of context hierarchy
[QC2019-07-10 20:27:44] INFO [main] org.springframework.beans.factory.xml.XmlBeanDefinitionReader.loadBeanDefinitions(316) | Loading XML bean definitions from class path resource [application.xml]
